###############################################################
#  Generated by:      Cadence Innovus 19.17-s077_1
#  OS:                Linux x86_64(Host ID ieng6-ece-05.ucsd.edu)
#  Generated on:      Tue Mar 15 13:47:07 2022
#  Design:            core
#  Command:           checkPinAssignment
###############################################################

Start Checking pins of top cell: [core] 
Summary report for top level: [core] 
	Total Pins                         : 332
	Legally Assigned Pins              : 332
End of Summary report
End Checking pins of top cell: [core] 


===========================================================================================================================
                                                checkPinAssignment Summary
===========================================================================================================================
Partition   | pads  | pins   | legal  | illegal | internal | internal illegal | FT     | FT illegal | constant | unplaced |
===========================================================================================================================
core        |     0 |    332 |    332 |       0 |        0 |                0 |      0 |          0 |        0 |        0 |
===========================================================================================================================
TOTAL       |     0 |    332 |    332 |       0 |        0 |                0 |      0 |          0 |        0 |        0 |
===========================================================================================================================
